<?xml version="1.0" encoding="UTF-8"?>
<!-- Generated by org.testng.reporters.JUnitXMLReporter -->
<testsuite ignored="10" hostname="Yog" failures="0" tests="9" name="Test" time="25.816" errors="0" timestamp="2022-07-17T17:45:34 IST">
  <testcase classname="org.tyss.sms.genricUtility.BaseClass" name="@BeforeMethod PreSetUp" time="25.514">
    <failure type="org.openqa.selenium.WebDriverException" message="unknown error: cannot determine loading status
from disconnected: received Inspector.detached event
  (Session info: chrome=103.0.5060.114)
Build info: version: &amp;apos;4.3.0&amp;apos;, revision: &amp;apos;a4995e2c09*&amp;apos;
System info: host: &amp;apos;YOG&amp;apos;, ip: &amp;apos;192.168.152.1&amp;apos;, os.name: &amp;apos;Windows 10&amp;apos;, os.arch: &amp;apos;amd64&amp;apos;, os.version: &amp;apos;10.0&amp;apos;, java.version: &amp;apos;16.0.1&amp;apos;
Driver info: org.openqa.selenium.chrome.ChromeDriver
Command: [2875477ad6fb5f6c9cd8c64863b0e721, get {url=http://192.168.1.108/domain/Student_Management_System/view/login.php}]
Capabilities {acceptInsecureCerts: false, browserName: chrome, browserVersion: 103.0.5060.114, chrome: {chromedriverVersion: 103.0.5060.53 (a1711811edd7..., userDataDir: C:\Users\yogir\AppData\Loca...}, goog:chromeOptions: {debuggerAddress: localhost:54342}, networkConnectionEnabled: false, pageLoadStrategy: normal, platformName: WINDOWS, proxy: Proxy(), se:cdp: ws://localhost:54342/devtoo..., se:cdpVersion: 103.0.5060.114, setWindowRect: true, strictFileInteractability: false, timeouts: {implicit: 0, pageLoad: 300000, script: 30000}, unhandledPromptBehavior: dismiss and notify, webauthn:extension:credBlob: true, webauthn:extension:largeBlob: true, webauthn:virtualAuthenticators: true}
Session ID: 2875477ad6fb5f6c9cd8c64863b0e721">
      <![CDATA[org.openqa.selenium.WebDriverException: unknown error: cannot determine loading status
from disconnected: received Inspector.detached event
  (Session info: chrome=103.0.5060.114)
Build info: version: '4.3.0', revision: 'a4995e2c09*'
System info: host: 'YOG', ip: '192.168.152.1', os.name: 'Windows 10', os.arch: 'amd64', os.version: '10.0', java.version: '16.0.1'
Driver info: org.openqa.selenium.chrome.ChromeDriver
Command: [2875477ad6fb5f6c9cd8c64863b0e721, get {url=http://192.168.1.108/domain/Student_Management_System/view/login.php}]
Capabilities {acceptInsecureCerts: false, browserName: chrome, browserVersion: 103.0.5060.114, chrome: {chromedriverVersion: 103.0.5060.53 (a1711811edd7..., userDataDir: C:\Users\yogir\AppData\Loca...}, goog:chromeOptions: {debuggerAddress: localhost:54342}, networkConnectionEnabled: false, pageLoadStrategy: normal, platformName: WINDOWS, proxy: Proxy(), se:cdp: ws://localhost:54342/devtoo..., se:cdpVersion: 103.0.5060.114, setWindowRect: true, strictFileInteractability: false, timeouts: {implicit: 0, pageLoad: 300000, script: 30000}, unhandledPromptBehavior: dismiss and notify, webauthn:extension:credBlob: true, webauthn:extension:largeBlob: true, webauthn:virtualAuthenticators: true}
Session ID: 2875477ad6fb5f6c9cd8c64863b0e721
at org.openqa.selenium.remote.codec.w3c.W3CHttpResponseCodec.createException(W3CHttpResponseCodec.java:200)
at org.openqa.selenium.remote.codec.w3c.W3CHttpResponseCodec.decode(W3CHttpResponseCodec.java:133)
at org.openqa.selenium.remote.codec.w3c.W3CHttpResponseCodec.decode(W3CHttpResponseCodec.java:53)
at org.openqa.selenium.remote.HttpCommandExecutor.execute(HttpCommandExecutor.java:184)
at org.openqa.selenium.remote.service.DriverCommandExecutor.invokeExecute(DriverCommandExecutor.java:167)
at org.openqa.selenium.remote.service.DriverCommandExecutor.execute(DriverCommandExecutor.java:142)
at org.openqa.selenium.remote.RemoteWebDriver.execute(RemoteWebDriver.java:569)
at org.openqa.selenium.remote.RemoteWebDriver.get(RemoteWebDriver.java:332)
at org.tyss.sms.genricUtility.SmsWebDriverUtility.openApplication(SmsWebDriverUtility.java:78)
at org.tyss.sms.genricUtility.BaseClass.PreSetUp(BaseClass.java:51)
at java.base/java.util.ArrayList.forEach(ArrayList.java:1511)
... Removed 36 stack frames]]>
    </failure>
  </testcase> <!-- @BeforeMethod PreSetUp -->
  <testcase classname="org.tyss.sms.genricUtility.BaseClass" name="@AfterMethod closeBrowser" time="0.0">
    <skipped/>
  </testcase> <!-- @AfterMethod closeBrowser -->
  <testcase classname="org.tyss.sms.genricUtility.BaseClass" name="@BeforeMethod PreSetUp" time="0.001">
    <failure type="java.lang.NullPointerException" message="Cannot invoke &amp;quot;String.hashCode()&amp;quot; because &amp;quot;browser&amp;quot; is null">
      <![CDATA[java.lang.NullPointerException: Cannot invoke "String.hashCode()" because "browser" is null
at org.tyss.sms.genricUtility.SmsWebDriverUtility.setupDriver(SmsWebDriverUtility.java:37)
at org.tyss.sms.genricUtility.BaseClass.PreSetUp(BaseClass.java:48)
at java.base/java.util.ArrayList.forEach(ArrayList.java:1511)
... Removed 31 stack frames]]>
    </failure>
  </testcase> <!-- @BeforeMethod PreSetUp -->
  <testcase classname="org.tyss.sms.genricUtility.BaseClass" name="@AfterMethod closeBrowser" time="0.0">
    <skipped/>
  </testcase> <!-- @AfterMethod closeBrowser -->
  <testcase classname="org.tyss.sms.genricUtility.BaseClass" name="@BeforeMethod PreSetUp" time="0.0">
    <failure type="java.lang.NullPointerException" message="Cannot invoke &amp;quot;String.hashCode()&amp;quot; because &amp;quot;browser&amp;quot; is null">
      <![CDATA[java.lang.NullPointerException: Cannot invoke "String.hashCode()" because "browser" is null
at org.tyss.sms.genricUtility.SmsWebDriverUtility.setupDriver(SmsWebDriverUtility.java:37)
at org.tyss.sms.genricUtility.BaseClass.PreSetUp(BaseClass.java:48)
at java.base/java.util.ArrayList.forEach(ArrayList.java:1511)
... Removed 31 stack frames]]>
    </failure>
  </testcase> <!-- @BeforeMethod PreSetUp -->
  <testcase classname="org.tyss.sms.genricUtility.BaseClass" name="@AfterMethod closeBrowser" time="0.0">
    <skipped/>
  </testcase> <!-- @AfterMethod closeBrowser -->
  <testcase classname="org.tyss.sms.genricUtility.BaseClass" name="@BeforeMethod PreSetUp" time="0.002">
    <failure type="java.lang.NullPointerException" message="Cannot invoke &amp;quot;String.hashCode()&amp;quot; because &amp;quot;browser&amp;quot; is null">
      <![CDATA[java.lang.NullPointerException: Cannot invoke "String.hashCode()" because "browser" is null
at org.tyss.sms.genricUtility.SmsWebDriverUtility.setupDriver(SmsWebDriverUtility.java:37)
at org.tyss.sms.genricUtility.BaseClass.PreSetUp(BaseClass.java:48)
at java.base/java.util.ArrayList.forEach(ArrayList.java:1511)
... Removed 31 stack frames]]>
    </failure>
  </testcase> <!-- @BeforeMethod PreSetUp -->
  <testcase classname="org.tyss.sms.genricUtility.BaseClass" name="@AfterMethod closeBrowser" time="0.0">
    <skipped/>
  </testcase> <!-- @AfterMethod closeBrowser -->
  <testcase classname="org.tyss.sms.genricUtility.BaseClass" name="@BeforeMethod PreSetUp" time="0.001">
    <failure type="java.lang.NullPointerException" message="Cannot invoke &amp;quot;String.hashCode()&amp;quot; because &amp;quot;browser&amp;quot; is null">
      <![CDATA[java.lang.NullPointerException: Cannot invoke "String.hashCode()" because "browser" is null
at org.tyss.sms.genricUtility.SmsWebDriverUtility.setupDriver(SmsWebDriverUtility.java:37)
at org.tyss.sms.genricUtility.BaseClass.PreSetUp(BaseClass.java:48)
at java.base/java.util.ArrayList.forEach(ArrayList.java:1511)
... Removed 31 stack frames]]>
    </failure>
  </testcase> <!-- @BeforeMethod PreSetUp -->
  <testcase classname="org.tyss.sms.genricUtility.BaseClass" name="@AfterMethod closeBrowser" time="0.0">
    <skipped/>
  </testcase> <!-- @AfterMethod closeBrowser -->
  <testcase classname="org.tyss.sms.genricUtility.BaseClass" name="@BeforeMethod PreSetUp" time="0.0">
    <failure type="java.lang.NullPointerException" message="Cannot invoke &amp;quot;String.hashCode()&amp;quot; because &amp;quot;browser&amp;quot; is null">
      <![CDATA[java.lang.NullPointerException: Cannot invoke "String.hashCode()" because "browser" is null
at org.tyss.sms.genricUtility.SmsWebDriverUtility.setupDriver(SmsWebDriverUtility.java:37)
at org.tyss.sms.genricUtility.BaseClass.PreSetUp(BaseClass.java:48)
at java.base/java.util.ArrayList.forEach(ArrayList.java:1511)
... Removed 31 stack frames]]>
    </failure>
  </testcase> <!-- @BeforeMethod PreSetUp -->
  <testcase classname="org.tyss.sms.genricUtility.BaseClass" name="@AfterMethod closeBrowser" time="0.0">
    <skipped/>
  </testcase> <!-- @AfterMethod closeBrowser -->
  <testcase classname="org.sms.runtests.Addteacherinit" name="addTeacher" time="0.0">
    <skipped/>
  </testcase> <!-- addTeacher -->
  <testcase classname="org.tyss.sms.initclasses.Admin_AddTeacherPageTest" name="AddTeacher" time="0.0">
    <skipped/>
  </testcase> <!-- AddTeacher -->
  <testcase classname="org.tyss.sms.initclasses.LoginInitTest" name="loginApp" time="0.0">
    <skipped/>
  </testcase> <!-- loginApp -->
  <testcase classname="org.tyss.sms.initclasses.InitTeacherAttendancePageTest" name="TeacherAttendanceTest" time="0.0">
    <skipped/>
  </testcase> <!-- TeacherAttendanceTest -->
  <testcase classname="org.sms.parent.MySonsAttendance" name="parentAttendance" time="0.0">
    <skipped/>
  </testcase> <!-- parentAttendance -->
  <testcase classname="org.tyss.sms.initclasses.Admin_LeaveStudentPageTest" name="loginTest" time="0.0">
    <skipped/>
  </testcase> <!-- loginTest -->
  <testcase classname="org.tyss.sms.testng_practice.TestNGCreateCustomerTest" name="createCustomerTest" time="0.002"/>
  <testcase classname="org.tyss.sms.testng_practice.TestNGCreateCustomerTest" name="deleteCustomerTest" time="0.002"/>
  <testcase classname="org.tyss.sms.testng_practice.TestNGCreateCustomerTest" name="modifyCustomerTest" time="0.001"/>
  <testcase classname="org.tyss.sms.genricUtility.BaseClass" name="@BeforeSuite genrateRandomNum" time="0.0">
    <ignored/>
  </testcase> <!-- @BeforeSuite genrateRandomNum -->
  <testcase classname="org.tyss.sms.genricUtility.BaseClass" name="@BeforeSuite genrateRandomNum" time="0.0">
    <ignored/>
  </testcase> <!-- @BeforeSuite genrateRandomNum -->
  <testcase classname="org.tyss.sms.genricUtility.BaseClass" name="@BeforeSuite genrateRandomNum" time="0.0">
    <ignored/>
  </testcase> <!-- @BeforeSuite genrateRandomNum -->
  <testcase classname="org.tyss.sms.genricUtility.BaseClass" name="@BeforeSuite genrateRandomNum" time="0.0">
    <ignored/>
  </testcase> <!-- @BeforeSuite genrateRandomNum -->
  <testcase classname="org.tyss.sms.genricUtility.BaseClass" name="@BeforeSuite genrateRandomNum" time="0.0">
    <ignored/>
  </testcase> <!-- @BeforeSuite genrateRandomNum -->
  <testcase classname="org.tyss.sms.genricUtility.InitClasses" name="@BeforeSuite intCls" time="0.0">
    <ignored/>
  </testcase> <!-- @BeforeSuite intCls -->
  <testcase classname="org.tyss.sms.genricUtility.InitClasses" name="@BeforeSuite intCls" time="0.0">
    <ignored/>
  </testcase> <!-- @BeforeSuite intCls -->
  <testcase classname="org.tyss.sms.genricUtility.InitClasses" name="@BeforeSuite intCls" time="0.0">
    <ignored/>
  </testcase> <!-- @BeforeSuite intCls -->
  <testcase classname="org.tyss.sms.genricUtility.InitClasses" name="@BeforeSuite intCls" time="0.0">
    <ignored/>
  </testcase> <!-- @BeforeSuite intCls -->
  <testcase classname="org.tyss.sms.genricUtility.InitClasses" name="@BeforeSuite intCls" time="0.0">
    <ignored/>
  </testcase> <!-- @BeforeSuite intCls -->
</testsuite> <!-- Test -->
